# JRE version: OpenJDK Runtime Environment (7.0_75-b13) (build 1.7.0_75-b13)
# Java VM: OpenJDK Client VM (24.75-b04 mixed mode linux-x86 )
Heap
 def new generation   total 11712K, used 2658K [0x90400000, 0x910b0000, 0x9aea0000)
  eden space 10432K,  15% used [0x90400000, 0x9058e2f8, 0x90e30000)
  from space 1280K,  83% used [0x90e30000, 0x90f3a520, 0x90f70000)
  to   space 1280K,   0% used [0x90f70000, 0x90f70000, 0x910b0000)
 tenured generation   total 25892K, used 25771K [0x9aea0000, 0x9c7e9000, 0xb0400000)
   the space 25892K,  99% used [0x9aea0000, 0x9c7caf98, 0x9c7cb000, 0x9c7e9000)
 compacting perm gen  total 14080K, used 14022K [0xb0400000, 0xb11c0000, 0xb4400000)
   the space 14080K,  99% used [0xb0400000, 0xb11b19a8, 0xb11b1a00, 0xb11c0000)
GC Heap History (10 events):
Event: 3.201 GC heap before
{Heap before GC invocations=21 (full 2):
 def new generation   total 11712K, used 11712K [0x90400000, 0x910b0000, 0x9aea0000)
  eden space 10432K, 100% used [0x90400000, 0x90e30000, 0x90e30000)
  from space 1280K, 100% used [0x90f70000, 0x910b0000, 0x910b0000)
  to   space 1280K,   0% used [0x90e30000, 0x90e30000, 0x90f70000)
 tenured generation   total 25892K, used 16630K [0x9aea0000, 0x9c7e9000, 0xb0400000)
   the space 25892K,  64% used [0x9aea0000, 0x9bedd930, 0x9bedda00, 0x9c7e9000)
 compacting perm gen  total 12800K, used 12547K [0xb0400000, 0xb1080000, 0xb4400000)
   the space 12800K,  98% used [0xb0400000, 0xb1040fc0, 0xb1041000, 0xb1080000)
No shared spaces configured.
Event: 3.210 GC heap after
Heap after GC invocations=22 (full 2):
 def new generation   total 11712K, used 1280K [0x90400000, 0x910b0000, 0x9aea0000)
  eden space 10432K,   0% used [0x90400000, 0x90400000, 0x90e30000)
  from space 1280K, 100% used [0x90e30000, 0x90f70000, 0x90f70000)
  to   space 1280K,   0% used [0x90f70000, 0x90f70000, 0x910b0000)
 tenured generation   total 25892K, used 18226K [0x9aea0000, 0x9c7e9000, 0xb0400000)
   the space 25892K,  70% used [0x9aea0000, 0x9c06cb50, 0x9c06cc00, 0x9c7e9000)
 compacting perm gen  total 12800K, used 12547K [0xb0400000, 0xb1080000, 0xb4400000)
   the space 12800K,  98% used [0xb0400000, 0xb1040fc0, 0xb1041000, 0xb1080000)
No shared spaces configured.
}
Event: 3.329 GC heap before
{Heap before GC invocations=22 (full 2):
 def new generation   total 11712K, used 11712K [0x90400000, 0x910b0000, 0x9aea0000)
  eden space 10432K, 100% used [0x90400000, 0x90e30000, 0x90e30000)
  from space 1280K, 100% used [0x90e30000, 0x90f70000, 0x90f70000)
  to   space 1280K,   0% used [0x90f70000, 0x90f70000, 0x910b0000)
 tenured generation   total 25892K, used 18226K [0x9aea0000, 0x9c7e9000, 0xb0400000)
   the space 25892K,  70% used [0x9aea0000, 0x9c06cb50, 0x9c06cc00, 0x9c7e9000)
 compacting perm gen  total 12800K, used 12595K [0xb0400000, 0xb1080000, 0xb4400000)
   the space 12800K,  98% used [0xb0400000, 0xb104ced8, 0xb104d000, 0xb1080000)
No shared spaces configured.
Event: 3.334 GC heap after
Heap after GC invocations=23 (full 2):
 def new generation   total 11712K, used 1280K [0x90400000, 0x910b0000, 0x9aea0000)
  eden space 10432K,   0% used [0x90400000, 0x90400000, 0x90e30000)
  from space 1280K, 100% used [0x90f70000, 0x910b0000, 0x910b0000)
  to   space 1280K,   0% used [0x90e30000, 0x90e30000, 0x90f70000)
 tenured generation   total 25892K, used 19590K [0x9aea0000, 0x9c7e9000, 0xb0400000)
   the space 25892K,  75% used [0x9aea0000, 0x9c1c18f0, 0x9c1c1a00, 0x9c7e9000)
 compacting perm gen  total 12800K, used 12595K [0xb0400000, 0xb1080000, 0xb4400000)
   the space 12800K,  98% used [0xb0400000, 0xb104ced8, 0xb104d000, 0xb1080000)
No shared spaces configured.
}
Event: 3.918 GC heap before
{Heap before GC invocations=23 (full 2):
 def new generation   total 11712K, used 11622K [0x90400000, 0x910b0000, 0x9aea0000)
  eden space 10432K,  99% used [0x90400000, 0x90e198b8, 0x90e30000)
  from space 1280K, 100% used [0x90f70000, 0x910b0000, 0x910b0000)
  to   space 1280K,   0% used [0x90e30000, 0x90e30000, 0x90f70000)
 tenured generation   total 25892K, used 19590K [0x9aea0000, 0x9c7e9000, 0xb0400000)
   the space 25892K,  75% used [0x9aea0000, 0x9c1c18f0, 0x9c1c1a00, 0x9c7e9000)
 compacting perm gen  total 12800K, used 12734K [0xb0400000, 0xb1080000, 0xb4400000)
   the space 12800K,  99% used [0xb0400000, 0xb106f960, 0xb106fa00, 0xb1080000)
No shared spaces configured.
Event: 3.923 GC heap after
Heap after GC invocations=24 (full 2):
 def new generation   total 11712K, used 1280K [0x90400000, 0x910b0000, 0x9aea0000)
  eden space 10432K,   0% used [0x90400000, 0x90400000, 0x90e30000)
  from space 1280K, 100% used [0x90e30000, 0x90f70000, 0x90f70000)
  to   space 1280K,   0% used [0x90f70000, 0x90f70000, 0x910b0000)
 tenured generation   total 25892K, used 20577K [0x9aea0000, 0x9c7e9000, 0xb0400000)
   the space 25892K,  79% used [0x9aea0000, 0x9c2b8558, 0x9c2b8600, 0x9c7e9000)
 compacting perm gen  total 12800K, used 12734K [0xb0400000, 0xb1080000, 0xb4400000)
   the space 12800K,  99% used [0xb0400000, 0xb106f960, 0xb106fa00, 0xb1080000)
No shared spaces configured.
}
Event: 4.320 GC heap before
{Heap before GC invocations=24 (full 2):
 def new generation   total 11712K, used 11653K [0x90400000, 0x910b0000, 0x9aea0000)
  eden space 10432K,  99% used [0x90400000, 0x90e21510, 0x90e30000)
  from space 1280K, 100% used [0x90e30000, 0x90f70000, 0x90f70000)
  to   space 1280K,   0% used [0x90f70000, 0x90f70000, 0x910b0000)
 tenured generation   total 25892K, used 20577K [0x9aea0000, 0x9c7e9000, 0xb0400000)
   the space 25892K,  79% used [0x9aea0000, 0x9c2b8558, 0x9c2b8600, 0x9c7e9000)
 compacting perm gen  total 13824K, used 13617K [0xb0400000, 0xb1180000, 0xb4400000)
   the space 13824K,  98% used [0xb0400000, 0xb114c6e8, 0xb114c800, 0xb1180000)
No shared spaces configured.
Event: 4.359 GC heap after
Heap after GC invocations=25 (full 2):
 def new generation   total 11712K, used 1280K [0x90400000, 0x910b0000, 0x9aea0000)
  eden space 10432K,   0% used [0x90400000, 0x90400000, 0x90e30000)
  from space 1280K, 100% used [0x90f70000, 0x910b0000, 0x910b0000)
  to   space 1280K,   0% used [0x90e30000, 0x90e30000, 0x90f70000)
 tenured generation   total 25892K, used 24492K [0x9aea0000, 0x9c7e9000, 0xb0400000)
   the space 25892K,  94% used [0x9aea0000, 0x9c68b260, 0x9c68b400, 0x9c7e9000)
 compacting perm gen  total 13824K, used 13617K [0xb0400000, 0xb1180000, 0xb4400000)
   the space 13824K,  98% used [0xb0400000, 0xb114c6e8, 0xb114c800, 0xb1180000)
No shared spaces configured.
}
Event: 824.121 GC heap before
{Heap before GC invocations=25 (full 2):
 def new generation   total 11712K, used 11712K [0x90400000, 0x910b0000, 0x9aea0000)
  eden space 10432K, 100% used [0x90400000, 0x90e30000, 0x90e30000)
  from space 1280K, 100% used [0x90f70000, 0x910b0000, 0x910b0000)
  to   space 1280K,   0% used [0x90e30000, 0x90e30000, 0x90f70000)
 tenured generation   total 25892K, used 24492K [0x9aea0000, 0x9c7e9000, 0xb0400000)
   the space 25892K,  94% used [0x9aea0000, 0x9c68b260, 0x9c68b400, 0x9c7e9000)
 compacting perm gen  total 14080K, used 14016K [0xb0400000, 0xb11c0000, 0xb4400000)
   the space 14080K,  99% used [0xb0400000, 0xb11b0398, 0xb11b0400, 0xb11c0000)
No shared spaces configured.
Event: 824.130 GC heap after
Heap after GC invocations=26 (full 2):
 def new generation   total 11712K, used 1065K [0x90400000, 0x910b0000, 0x9aea0000)
  eden space 10432K,   0% used [0x90400000, 0x90400000, 0x90e30000)
  from space 1280K,  83% used [0x90e30000, 0x90f3a520, 0x90f70000)
  to   space 1280K,   0% used [0x90f70000, 0x90f70000, 0x910b0000)
 tenured generation   total 25892K, used 25771K [0x9aea0000, 0x9c7e9000, 0xb0400000)
   the space 25892K,  99% used [0x9aea0000, 0x9c7caf98, 0x9c7cb000, 0x9c7e9000)
 compacting perm gen  total 14080K, used 14016K [0xb0400000, 0xb11c0000, 0xb4400000)
   the space 14080K,  99% used [0xb0400000, 0xb11b0398, 0xb11b0400, 0xb11c0000)
No shared spaces configured.
}

